c:\users\russi\desktop\college stuff\cmpr121\cmpr121g8finalproj\release\vc142.pdb
c:\users\russi\desktop\college stuff\cmpr121\cmpr121g8finalproj\release\patient.obj
c:\users\russi\desktop\college stuff\cmpr121\cmpr121g8finalproj\release\main.obj
c:\users\russi\desktop\college stuff\cmpr121\cmpr121g8finalproj\release\iomanagement.obj
c:\users\russi\desktop\college stuff\cmpr121\cmpr121g8finalproj\release\ui.obj
c:\users\russi\desktop\college stuff\cmpr121\cmpr121g8finalproj\release\group8_finalproj.ipdb
c:\users\russi\desktop\college stuff\cmpr121\cmpr121g8finalproj\release\group8_finalproj.iobj
c:\users\russi\desktop\college stuff\cmpr121\cmpr121g8finalproj\release\group8_finalproj.exe
c:\users\russi\desktop\college stuff\cmpr121\cmpr121g8finalproj\release\group8_finalproj.pdb
c:\users\russi\desktop\college stuff\cmpr121\cmpr121g8finalproj\release\group8_finalproj.res
c:\users\russi\desktop\college stuff\cmpr121\cmpr121g8finalproj\release\group8_finalproj.tlog\cl.command.1.tlog
c:\users\russi\desktop\college stuff\cmpr121\cmpr121g8finalproj\release\group8_finalproj.tlog\cl.read.1.tlog
c:\users\russi\desktop\college stuff\cmpr121\cmpr121g8finalproj\release\group8_finalproj.tlog\cl.write.1.tlog
c:\users\russi\desktop\college stuff\cmpr121\cmpr121g8finalproj\release\group8_finalproj.tlog\group8_finalproj.write.1u.tlog
c:\users\russi\desktop\college stuff\cmpr121\cmpr121g8finalproj\release\group8_finalproj.tlog\link.command.1.tlog
c:\users\russi\desktop\college stuff\cmpr121\cmpr121g8finalproj\release\group8_finalproj.tlog\link.read.1.tlog
c:\users\russi\desktop\college stuff\cmpr121\cmpr121g8finalproj\release\group8_finalproj.tlog\link.write.1.tlog
c:\users\russi\desktop\college stuff\cmpr121\cmpr121g8finalproj\release\group8_finalproj.tlog\rc.command.1.tlog
c:\users\russi\desktop\college stuff\cmpr121\cmpr121g8finalproj\release\group8_finalproj.tlog\rc.read.1.tlog
c:\users\russi\desktop\college stuff\cmpr121\cmpr121g8finalproj\release\group8_finalproj.tlog\rc.write.1.tlog
